<?xml version="1.0" encoding="UTF-8"?>
<!-- Generated by org.testng.reporters.JUnitXMLReporter -->
<testsuite ignored="0" hostname="DEC1526" failures="0" tests="14" name="Test" time="206.444" errors="0" timestamp="2023-10-05T11:19:29 IST">
  <testcase classname="com.qa.testcases.LoginPageTest" name="validateLoginPageUrlTest" time="0.024"/>
  <testcase classname="com.qa.testcases.LoginPageTest" name="validateLoginPageTitleTest" time="0.013"/>
  <testcase classname="com.qa.testcases.LoginPageTest" name="mobileFieldDisplayedTest" time="0.034"/>
  <testcase classname="com.qa.testcases.LoginPageTest" name="mobileFieldEnabledTest" time="0.032"/>
  <testcase classname="com.qa.testcases.LoginPageTest" name="MobileNumberValidationTest" time="0.146"/>
  <testcase classname="com.qa.testcases.LoginPageTest" name="mobileBlankFieldValidationTest" time="0.744"/>
  <testcase classname="com.qa.testcases.LoginPageTest" name="CheckboxDisplayedTest" time="0.038"/>
  <testcase classname="com.qa.testcases.LoginPageTest" name="validatecheckboxTest" time="2.137"/>
  <testcase classname="com.qa.testcases.LoginPageTest" name="validateOTPbuttonClickableTest" time="5.674"/>
  <testcase classname="com.qa.testcases.LoginPageTest" name="OTPVerificationTimerTest" time="12.521"/>
  <testcase classname="com.qa.testcases.LoginPageTest" name="panFieldDisplayedTest" time="30.787"/>
  <testcase classname="com.qa.testcases.LoginPageTest" name="panFieldClickableTest" time="23.754"/>
  <testcase classname="com.qa.testcases.LoginPageTest" name="panNumberValidationTest" time="28.544"/>
  <testcase classname="com.qa.testcases.LoginPageTest" name="ProceedbuttonEnableTest" time="33.829"/>
</testsuite> <!-- Test -->
